d:\cppdll\dll4\dll4\x64\debug\dll4.pch
d:\cppdll\dll4\dll4\x64\debug\vc141.pdb
d:\cppdll\dll4\dll4\x64\debug\vc141.idb
d:\cppdll\dll4\dll4\x64\debug\stdafx.obj
d:\cppdll\dll4\dll4\x64\debug\fb3-3.tab.obj
d:\cppdll\dll4\dll4\x64\debug\fb3-3.lex.obj
d:\cppdll\dll4\dll4\x64\debug\dllmain.obj
d:\cppdll\dll4\dll4\x64\debug\dll4.obj
d:\cppdll\dll4\dll4\x64\debug\fb3-3funcs.obj
d:\cppdll\dll4\x64\debug\dll4.lib
d:\cppdll\dll4\x64\debug\dll4.exp
d:\cppdll\dll4\x64\debug\dll4.ilk
d:\cppdll\dll4\x64\debug\dll4.dll
d:\cppdll\dll4\x64\debug\dll4.pdb
d:\cppdll\dll4\dll4\x64\debug\dll4.tlog\cl.command.1.tlog
d:\cppdll\dll4\dll4\x64\debug\dll4.tlog\cl.read.1.tlog
d:\cppdll\dll4\dll4\x64\debug\dll4.tlog\cl.write.1.tlog
d:\cppdll\dll4\dll4\x64\debug\dll4.tlog\dll4.write.1u.tlog
d:\cppdll\dll4\dll4\x64\debug\dll4.tlog\link.command.1.tlog
d:\cppdll\dll4\dll4\x64\debug\dll4.tlog\link.read.1.tlog
d:\cppdll\dll4\dll4\x64\debug\dll4.tlog\link.write.1.tlog
