d:\cppdll\dll4\dll4\debug\vc141.pdb
d:\cppdll\dll4\dll4\debug\vc141.idb
d:\cppdll\dll4\dll4\debug\dllmain.obj
d:\cppdll\dll4\dll4\debug\dll4.obj
d:\cppdll\dll4\dll4\debug\dll4.pch
d:\cppdll\dll4\dll4\debug\stdafx.obj
d:\cppdll\dll4\dll4\debug\fb3-3.tab.obj
d:\cppdll\dll4\dll4\debug\fb3-3.lex.obj
d:\cppdll\dll4\debug\dll4.dll
d:\cppdll\dll4\debug\dll4.ilk
d:\cppdll\dll4\debug\dll4.pdb
d:\cppdll\dll4\dll4\debug\dll4.tlog\cl.command.1.tlog
d:\cppdll\dll4\dll4\debug\dll4.tlog\cl.read.1.tlog
d:\cppdll\dll4\dll4\debug\dll4.tlog\cl.write.1.tlog
d:\cppdll\dll4\dll4\debug\dll4.tlog\link.3228-cvtres.read.1.tlog
d:\cppdll\dll4\dll4\debug\dll4.tlog\link.3228-cvtres.write.1.tlog
d:\cppdll\dll4\dll4\debug\dll4.tlog\link.3228-rc.read.1.tlog
d:\cppdll\dll4\dll4\debug\dll4.tlog\link.3228-rc.write.1.tlog
d:\cppdll\dll4\dll4\debug\dll4.tlog\link.3228.read.1.tlog
d:\cppdll\dll4\dll4\debug\dll4.tlog\link.3228.write.1.tlog
d:\cppdll\dll4\dll4\debug\dll4.tlog\link.command.1.tlog
d:\cppdll\dll4\dll4\debug\dll4.tlog\link.read.1.tlog
d:\cppdll\dll4\dll4\debug\dll4.tlog\link.write.1.tlog
